{"/Users/MoSho/galvanize/Q2-project-final/Q2-project/test/api/controllers/hotel_test.js":{"path":"/Users/MoSho/galvanize/Q2-project-final/Q2-project/test/api/controllers/hotel_test.js","s":{"1":1,"2":1,"3":1,"4":1,"5":1,"6":1,"7":0,"8":0,"9":0,"10":0,"11":0,"12":0,"13":0,"14":0,"15":0,"16":0,"17":0,"18":0},"b":{},"f":{},"fnMap":{},"statementMap":{"1":{"start":{"line":3,"column":0},"end":{"line":3,"column":30}},"2":{"start":{"line":5,"column":0},"end":{"line":5,"column":41}},"3":{"start":{"line":6,"column":0},"end":{"line":6,"column":37}},"4":{"start":{"line":7,"column":0},"end":{"line":7,"column":38}},"5":{"start":{"line":8,"column":0},"end":{"line":8,"column":39}},"6":{"start":{"line":10,"column":0},"end":{"line":95,"column":3}},"7":{"start":{"line":11,"column":2},"end":{"line":19,"column":5}},"8":{"start":{"line":12,"column":4},"end":{"line":18,"column":9}},"9":{"start":{"line":14,"column":8},"end":{"line":14,"column":15}},"10":{"start":{"line":17,"column":8},"end":{"line":17,"column":18}},"11":{"start":{"line":21,"column":2},"end":{"line":29,"column":5}},"12":{"start":{"line":22,"column":4},"end":{"line":28,"column":9}},"13":{"start":{"line":24,"column":8},"end":{"line":24,"column":15}},"14":{"start":{"line":27,"column":8},"end":{"line":27,"column":18}},"15":{"start":{"line":31,"column":2},"end":{"line":79,"column":5}},"16":{"start":{"line":32,"column":4},"end":{"line":78,"column":14}},"17":{"start":{"line":80,"column":2},"end":{"line":94,"column":5}},"18":{"start":{"line":81,"column":4},"end":{"line":93,"column":14}}},"branchMap":{}}}